-I- Waiting ...
-I- TCL platform : Windows NT
-I- SAM-BA 2.16  on : windows
-I- current connection is \usb\ARM0, \\usb\\ARM0 to be matched 
-I- Retrieved arguments from command line :
-I- argv 0 : \usb\ARM0
-I- argv 1 : at91sama5d4x-ek
-I- argv 2 : demo_linux_nandflash.tcl
-I- Connection \usb\ARM0
-I- Connect index 0 in connection list
-I- Connecting with \USBserial\COM78
-I- Connection : \USBserial\COM78 (target(comType) = 0)
-I- Board : at91sama5d4x-ek
-I- Traces Level : 4
-I- target(handle) : 44346280
-I- sourcing board description file C:/Program Files (x86)/Atmel/sam-ba_2.16/sam-ba.exe/../tcl_lib/at91sama5d4x-ek/at91sama5d4x-ek.tcl
Read device Chip ID at 0xFC069040 --- get 0x8a5c07c0
-I- Found chip : at91sama5d4x_0 (Chip ID : 0x8a5c07c0)
-I- Loading applet applet-lowlevelinit-sama5d4x.bin at address 0x200000
-I- Memory Size : 0x0 bytes
-I- Buffer address : 0x4
-I- Buffer size: 0x0 bytes
-I- Applet initialization done
-I- Low level initialized
-I- Loading applet applet-extram-sama5d4x.bin at address 0x200000
-I- Memory Size : 0x20000000 bytes
-I- Buffer address : 0x201374
-I- Buffer size: 0x0 bytes
-I- Applet initialization done
-I- External RAM initialized
-I- Command line mode : Execute script file : demo_linux_nandflash.tcl
-I- === name before swith at91-sama5d4 ===
-I- === socName is at91-sama5d4 ===
-I- Chip variant is at91-sama5d4
-I- Board variant is _xplained
-I- === ecc before swith at91-sama5d4 ===
-I- === eccType is 0xc1e04e07 ===
-I- === Initialize the NAND access ===
-I- NANDFLASH::Init (trace level : 4)
-I- Loading applet applet-nandflash-sama5d4x.bin at address 0x20000000
-I- Memory Size : 0x20000000 bytes
-I- Buffer address : 0x20024DEC
-I- Buffer size: 0x40000 bytes
-I- Applet initialization done
-I- === Enable PMECC OS Parameters ===
   - HEADER value  is 0xC1E04E07
-I- Pmecc header configration successful
-I- PMECC configure c1e04e07
-I- === Erase all the NAND flash blocs and test the erasing ===
-I- GENERIC::EraseAll
-I- === Load the bootstrap in the first sector ===
Sending boot file done.
-I- === Load the u-boot in the next sectors ===
-I- Send File u-boot-sama5d4_xplained_nandflash.bin at address 0x00040000
GENERIC::SendFile u-boot-sama5d4_xplained_nandflash.bin at address 0x40000
-I- File size : 0x44F58 byte(s)
-I- Complete 0%
-I- 	Writing: 0x40000 bytes at 0x40000 (buffer addr : 0x20024DEC)
-I- 	0x40000 bytes written by applet
-I- Complete 92%
-I- 	Writing: 0x4F58 bytes at 0x80000 (buffer addr : 0x20024DEC)
-I- 	0x4F58 bytes written by applet
-I- === Load the u-boot environment variables ===
-I- Send File ubootEnvtFileNandFlash.bin at address 0x000c0000
GENERIC::SendFile ubootEnvtFileNandFlash.bin at address 0xC0000
-I- File size : 0x20000 byte(s)
-I- Complete 0%
-I- 	Writing: 0x20000 bytes at 0xC0000 (buffer addr : 0x20024DEC)
-I- 	0x20000 bytes written by applet
-I- === Load the Kernel image and device tree database ===
-I- Send File at91-sama5d4_xplained.dtb at address 0x00180000
GENERIC::SendFile at91-sama5d4_xplained.dtb at address 0x180000
-I- File size : 0x7832 byte(s)
-I- Complete 0%
-I- 	Writing: 0x7832 bytes at 0x180000 (buffer addr : 0x20024DEC)
-I- 	0x40000 bytes written by applet
-I- Send File zImage at address 0x00200000
GENERIC::SendFile zImage at address 0x200000
-I- File size : 0x38B500 byte(s)
-I- Complete 0%
-I- 	Writing: 0x40000 bytes at 0x200000 (buffer addr : 0x20024DEC)
-I- 	0x40000 bytes written by applet
-I- Complete 7%
-I- 	Writing: 0x40000 bytes at 0x240000 (buffer addr : 0x20024DEC)
-I- 	0x40000 bytes written by applet
-I- Complete 14%
-I- 	Writing: 0x40000 bytes at 0x280000 (buffer addr : 0x20024DEC)
-I- 	0x40000 bytes written by applet
-I- Complete 21%
-I- 	Writing: 0x40000 bytes at 0x2C0000 (buffer addr : 0x20024DEC)
-I- 	0x40000 bytes written by applet
-I- Complete 28%
-I- 	Writing: 0x40000 bytes at 0x300000 (buffer addr : 0x20024DEC)
-I- 	0x40000 bytes written by applet
-I- Complete 35%
-I- 	Writing: 0x40000 bytes at 0x340000 (buffer addr : 0x20024DEC)
-I- 	0x40000 bytes written by applet
-I- Complete 42%
-I- 	Writing: 0x40000 bytes at 0x380000 (buffer addr : 0x20024DEC)
-I- 	0x40000 bytes written by applet
-I- Complete 49%
-I- 	Writing: 0x40000 bytes at 0x3C0000 (buffer addr : 0x20024DEC)
-I- 	0x40000 bytes written by applet
-I- Complete 56%
-I- 	Writing: 0x40000 bytes at 0x400000 (buffer addr : 0x20024DEC)
-I- 	0x40000 bytes written by applet
-I- Complete 63%
-I- 	Writing: 0x40000 bytes at 0x440000 (buffer addr : 0x20024DEC)
-I- 	0x40000 bytes written by applet
-I- Complete 70%
-I- 	Writing: 0x40000 bytes at 0x480000 (buffer addr : 0x20024DEC)
-I- 	0x40000 bytes written by applet
-I- Complete 77%
-I- 	Writing: 0x40000 bytes at 0x4C0000 (buffer addr : 0x20024DEC)
-I- 	0x40000 bytes written by applet
-I- Complete 84%
-I- 	Writing: 0x40000 bytes at 0x500000 (buffer addr : 0x20024DEC)
-I- 	0x40000 bytes written by applet
-I- Complete 91%
-I- 	Writing: 0x40000 bytes at 0x540000 (buffer addr : 0x20024DEC)
-I- 	0x40000 bytes written by applet
-I- Complete 98%
-I- 	Writing: 0xB500 bytes at 0x580000 (buffer addr : 0x20024DEC)
-I- 	0xB500 bytes written by applet
-I- === Enable trimffs ===
-I- === Load the linux file system ===
-I- Send File rootfs.ubi at address 0x00800000
GENERIC::SendFile rootfs.ubi at address 0x800000
-I- File size : 0x5880000 byte(s)
-I- Complete 0%
-I- 	Writing: 0x40000 bytes at 0x800000 (buffer addr : 0x20024DEC)
-I- 	0x40000 bytes written by applet
-I- Complete 0%
-I- 	Writing: 0x40000 bytes at 0x840000 (buffer addr : 0x20024DEC)
-I- 	0x40000 bytes written by applet
-I- Complete 0%
-I- 	Writing: 0x40000 bytes at 0x880000 (buffer addr : 0x20024DEC)
-I- 	0x40000 bytes written by applet
-I- Complete 0%
-I- 	Writing: 0x40000 bytes at 0x8C0000 (buffer addr : 0x20024DEC)
-I- 	0x40000 bytes written by applet
-I- Complete 1%
-I- 	Writing: 0x40000 bytes at 0x900000 (buffer addr : 0x20024DEC)
-I- 	0x40000 bytes written by applet
-I- Complete 1%
-I- 	Writing: 0x40000 bytes at 0x940000 (buffer addr : 0x20024DEC)
-I- 	0x40000 bytes written by applet
-I- Complete 1%
-I- 	Writing: 0x40000 bytes at 0x980000 (buffer addr : 0x20024DEC)
-I- 	0x40000 bytes written by applet
-I- Complete 1%
-I- 	Writing: 0x40000 bytes at 0x9C0000 (buffer addr : 0x20024DEC)
-I- 	0x40000 bytes written by applet
-I- Complete 2%
-I- 	Writing: 0x40000 bytes at 0xA00000 (buffer addr : 0x20024DEC)
-I- 	0x40000 bytes written by applet
-I- Complete 2%
-I- 	Writing: 0x40000 bytes at 0xA40000 (buffer addr : 0x20024DEC)
-I- 	0x40000 bytes written by applet
-I- Complete 2%
-I- 	Writing: 0x40000 bytes at 0xA80000 (buffer addr : 0x20024DEC)
-I- 	0x40000 bytes written by applet
-I- Complete 3%
-I- 	Writing: 0x40000 bytes at 0xAC0000 (buffer addr : 0x20024DEC)
-I- 	0x40000 bytes written by applet
-I- Complete 3%
-I- 	Writing: 0x40000 bytes at 0xB00000 (buffer addr : 0x20024DEC)
-I- 	0x40000 bytes written by applet
-I- Complete 3%
-I- 	Writing: 0x40000 bytes at 0xB40000 (buffer addr : 0x20024DEC)
-I- 	0x40000 bytes written by applet
-I- Complete 3%
-I- 	Writing: 0x40000 bytes at 0xB80000 (buffer addr : 0x20024DEC)
-I- 	0x40000 bytes written by applet
-I- Complete 4%
-I- 	Writing: 0x40000 bytes at 0xBC0000 (buffer addr : 0x20024DEC)
-I- 	0x40000 bytes written by applet
-I- Complete 4%
-I- 	Writing: 0x40000 bytes at 0xC00000 (buffer addr : 0x20024DEC)
-I- 	0x40000 bytes written by applet
-I- Complete 4%
-I- 	Writing: 0x40000 bytes at 0xC40000 (buffer addr : 0x20024DEC)
-I- 	0x40000 bytes written by applet
-I- Complete 5%
-I- 	Writing: 0x40000 bytes at 0xC80000 (buffer addr : 0x20024DEC)
-I- 	0x40000 bytes written by applet
-I- Complete 5%
-I- 	Writing: 0x40000 bytes at 0xCC0000 (buffer addr : 0x20024DEC)
-I- 	0x40000 bytes written by applet
-I- Complete 5%
-I- 	Writing: 0x40000 bytes at 0xD00000 (buffer addr : 0x20024DEC)
-I- 	0x40000 bytes written by applet
-I- Complete 5%
-I- 	Writing: 0x40000 bytes at 0xD40000 (buffer addr : 0x20024DEC)
-I- 	0x40000 bytes written by applet
-I- Complete 6%
-I- 	Writing: 0x40000 bytes at 0xD80000 (buffer addr : 0x20024DEC)
-I- 	0x40000 bytes written by applet
-I- Complete 6%
-I- 	Writing: 0x40000 bytes at 0xDC0000 (buffer addr : 0x20024DEC)
-I- 	0x40000 bytes written by applet
-I- Complete 6%
-I- 	Writing: 0x40000 bytes at 0xE00000 (buffer addr : 0x20024DEC)
-I- 	0x40000 bytes written by applet
-I- Complete 7%
-I- 	Writing: 0x40000 bytes at 0xE40000 (buffer addr : 0x20024DEC)
-I- 	0x40000 bytes written by applet
-I- Complete 7%
-I- 	Writing: 0x40000 bytes at 0xE80000 (buffer addr : 0x20024DEC)
-I- 	0x40000 bytes written by applet
-I- Complete 7%
-I- 	Writing: 0x40000 bytes at 0xEC0000 (buffer addr : 0x20024DEC)
-I- 	0x40000 bytes written by applet
-I- Complete 7%
-I- 	Writing: 0x40000 bytes at 0xF00000 (buffer addr : 0x20024DEC)
-I- 	0x40000 bytes written by applet
-I- Complete 8%
-I- 	Writing: 0x40000 bytes at 0xF40000 (buffer addr : 0x20024DEC)
-I- 	0x40000 bytes written by applet
-I- Complete 8%
-I- 	Writing: 0x40000 bytes at 0xF80000 (buffer addr : 0x20024DEC)
-I- 	0x40000 bytes written by applet
-I- Complete 8%
-I- 	Writing: 0x40000 bytes at 0xFC0000 (buffer addr : 0x20024DEC)
-I- 	0x40000 bytes written by applet
-I- Complete 9%
-I- 	Writing: 0x40000 bytes at 0x1000000 (buffer addr : 0x20024DEC)
-I- 	0x40000 bytes written by applet
-I- Complete 9%
-I- 	Writing: 0x40000 bytes at 0x1040000 (buffer addr : 0x20024DEC)
-I- 	0x40000 bytes written by applet
-I- Complete 9%
-I- 	Writing: 0x40000 bytes at 0x1080000 (buffer addr : 0x20024DEC)
-I- 	0x40000 bytes written by applet
-I- Complete 9%
-I- 	Writing: 0x40000 bytes at 0x10C0000 (buffer addr : 0x20024DEC)
-I- 	0x40000 bytes written by applet
-I- Complete 10%
-I- 	Writing: 0x40000 bytes at 0x1100000 (buffer addr : 0x20024DEC)
-I- 	0x40000 bytes written by applet
-I- Complete 10%
-I- 	Writing: 0x40000 bytes at 0x1140000 (buffer addr : 0x20024DEC)
-I- 	0x40000 bytes written by applet
-I- Complete 10%
-I- 	Writing: 0x40000 bytes at 0x1180000 (buffer addr : 0x20024DEC)
-I- 	0x40000 bytes written by applet
-I- Complete 11%
-I- 	Writing: 0x40000 bytes at 0x11C0000 (buffer addr : 0x20024DEC)
-I- 	0x40000 bytes written by applet
-I- Complete 11%
-I- 	Writing: 0x40000 bytes at 0x1200000 (buffer addr : 0x20024DEC)
-I- 	0x40000 bytes written by applet
-I- Complete 11%
-I- 	Writing: 0x40000 bytes at 0x1240000 (buffer addr : 0x20024DEC)
-I- 	0x40000 bytes written by applet
-I- Complete 11%
-I- 	Writing: 0x40000 bytes at 0x1280000 (buffer addr : 0x20024DEC)
-I- 	0x40000 bytes written by applet
-I- Complete 12%
-I- 	Writing: 0x40000 bytes at 0x12C0000 (buffer addr : 0x20024DEC)
-I- 	0x40000 bytes written by applet
-I- Complete 12%
-I- 	Writing: 0x40000 bytes at 0x1300000 (buffer addr : 0x20024DEC)
-I- 	0x40000 bytes written by applet
-I- Complete 12%
-I- 	Writing: 0x40000 bytes at 0x1340000 (buffer addr : 0x20024DEC)
-I- 	0x40000 bytes written by applet
-I- Complete 12%
-I- 	Writing: 0x40000 bytes at 0x1380000 (buffer addr : 0x20024DEC)
-I- 	0x40000 bytes written by applet
-I- Complete 13%
-I- 	Writing: 0x40000 bytes at 0x13C0000 (buffer addr : 0x20024DEC)
-I- 	0x40000 bytes written by applet
-I- Complete 13%
-I- 	Writing: 0x40000 bytes at 0x1400000 (buffer addr : 0x20024DEC)
-I- 	0x40000 bytes written by applet
-I- Complete 13%
-I- 	Writing: 0x40000 bytes at 0x1440000 (buffer addr : 0x20024DEC)
-I- 	0x40000 bytes written by applet
-I- Complete 14%
-I- 	Writing: 0x40000 bytes at 0x1480000 (buffer addr : 0x20024DEC)
-I- 	0x40000 bytes written by applet
-I- Complete 14%
-I- 	Writing: 0x40000 bytes at 0x14C0000 (buffer addr : 0x20024DEC)
-I- 	0x40000 bytes written by applet
-I- Complete 14%
-I- 	Writing: 0x40000 bytes at 0x1500000 (buffer addr : 0x20024DEC)
-I- 	0x40000 bytes written by applet
-I- Complete 14%
-I- 	Writing: 0x40000 bytes at 0x1540000 (buffer addr : 0x20024DEC)
-I- 	0x40000 bytes written by applet
-I- Complete 15%
-I- 	Writing: 0x40000 bytes at 0x1580000 (buffer addr : 0x20024DEC)
-I- 	0x40000 bytes written by applet
-I- Complete 15%
-I- 	Writing: 0x40000 bytes at 0x15C0000 (buffer addr : 0x20024DEC)
-I- 	0x40000 bytes written by applet
-I- Complete 15%
-I- 	Writing: 0x40000 bytes at 0x1600000 (buffer addr : 0x20024DEC)
-I- 	0x40000 bytes written by applet
-I- Complete 16%
-I- 	Writing: 0x40000 bytes at 0x1640000 (buffer addr : 0x20024DEC)
-I- 	0x40000 bytes written by applet
-I- Complete 16%
-I- 	Writing: 0x40000 bytes at 0x1680000 (buffer addr : 0x20024DEC)
-I- 	0x40000 bytes written by applet
-I- Complete 16%
-I- 	Writing: 0x40000 bytes at 0x16C0000 (buffer addr : 0x20024DEC)
-I- 	0x40000 bytes written by applet
-I- Complete 16%
-I- 	Writing: 0x40000 bytes at 0x1700000 (buffer addr : 0x20024DEC)
-I- 	0x40000 bytes written by applet
-I- Complete 17%
-I- 	Writing: 0x40000 bytes at 0x1740000 (buffer addr : 0x20024DEC)
-I- 	0x40000 bytes written by applet
-I- Complete 17%
-I- 	Writing: 0x40000 bytes at 0x1780000 (buffer addr : 0x20024DEC)
-I- 	0x40000 bytes written by applet
-I- Complete 17%
-I- 	Writing: 0x40000 bytes at 0x17C0000 (buffer addr : 0x20024DEC)
-I- 	0x40000 bytes written by applet
-I- Complete 18%
-I- 	Writing: 0x40000 bytes at 0x1800000 (buffer addr : 0x20024DEC)
-I- 	0x40000 bytes written by applet
-I- Complete 18%
-I- 	Writing: 0x40000 bytes at 0x1840000 (buffer addr : 0x20024DEC)
-I- 	0x40000 bytes written by applet
-I- Complete 18%
-I- 	Writing: 0x40000 bytes at 0x1880000 (buffer addr : 0x20024DEC)
-I- 	0x40000 bytes written by applet
-I- Complete 18%
-I- 	Writing: 0x40000 bytes at 0x18C0000 (buffer addr : 0x20024DEC)
-I- 	0x40000 bytes written by applet
-I- Complete 19%
-I- 	Writing: 0x40000 bytes at 0x1900000 (buffer addr : 0x20024DEC)
-I- 	0x40000 bytes written by applet
-I- Complete 19%
-I- 	Writing: 0x40000 bytes at 0x1940000 (buffer addr : 0x20024DEC)
-I- 	0x40000 bytes written by applet
-I- Complete 19%
-I- 	Writing: 0x40000 bytes at 0x1980000 (buffer addr : 0x20024DEC)
-I- 	0x40000 bytes written by applet
-I- Complete 20%
-I- 	Writing: 0x40000 bytes at 0x19C0000 (buffer addr : 0x20024DEC)
-I- 	0x40000 bytes written by applet
-I- Complete 20%
-I- 	Writing: 0x40000 bytes at 0x1A00000 (buffer addr : 0x20024DEC)
-I- 	0x40000 bytes written by applet
-I- Complete 20%
-I- 	Writing: 0x40000 bytes at 0x1A40000 (buffer addr : 0x20024DEC)
-I- 	0x40000 bytes written by applet
-I- Complete 20%
-I- 	Writing: 0x40000 bytes at 0x1A80000 (buffer addr : 0x20024DEC)
-I- 	0x40000 bytes written by applet
-I- Complete 21%
-I- 	Writing: 0x40000 bytes at 0x1AC0000 (buffer addr : 0x20024DEC)
-I- 	0x40000 bytes written by applet
-I- Complete 21%
-I- 	Writing: 0x40000 bytes at 0x1B00000 (buffer addr : 0x20024DEC)
-I- 	0x40000 bytes written by applet
-I- Complete 21%
-I- 	Writing: 0x40000 bytes at 0x1B40000 (buffer addr : 0x20024DEC)
-I- 	0x40000 bytes written by applet
-I- Complete 22%
-I- 	Writing: 0x40000 bytes at 0x1B80000 (buffer addr : 0x20024DEC)
-I- 	0x40000 bytes written by applet
-I- Complete 22%
-I- 	Writing: 0x40000 bytes at 0x1BC0000 (buffer addr : 0x20024DEC)
-I- 	0x40000 bytes written by applet
-I- Complete 22%
-I- 	Writing: 0x40000 bytes at 0x1C00000 (buffer addr : 0x20024DEC)
-I- 	0x40000 bytes written by applet
-I- Complete 22%
-I- 	Writing: 0x40000 bytes at 0x1C40000 (buffer addr : 0x20024DEC)
-I- 	0x40000 bytes written by applet
-I- Complete 23%
-I- 	Writing: 0x40000 bytes at 0x1C80000 (buffer addr : 0x20024DEC)
-I- 	0x40000 bytes written by applet
-I- Complete 23%
-I- 	Writing: 0x40000 bytes at 0x1CC0000 (buffer addr : 0x20024DEC)
-I- 	0x40000 bytes written by applet
-I- Complete 23%
-I- 	Writing: 0x40000 bytes at 0x1D00000 (buffer addr : 0x20024DEC)
-I- 	0x40000 bytes written by applet
-I- Complete 24%
-I- 	Writing: 0x40000 bytes at 0x1D40000 (buffer addr : 0x20024DEC)
-I- 	0x40000 bytes written by applet
-I- Complete 24%
-I- 	Writing: 0x40000 bytes at 0x1D80000 (buffer addr : 0x20024DEC)
-I- 	0x40000 bytes written by applet
-I- Complete 24%
-I- 	Writing: 0x40000 bytes at 0x1DC0000 (buffer addr : 0x20024DEC)
-I- 	0x40000 bytes written by applet
-I- Complete 24%
-I- 	Writing: 0x40000 bytes at 0x1E00000 (buffer addr : 0x20024DEC)
-I- 	0x40000 bytes written by applet
-I- Complete 25%
-I- 	Writing: 0x40000 bytes at 0x1E40000 (buffer addr : 0x20024DEC)
-I- 	0x40000 bytes written by applet
-I- Complete 25%
-I- 	Writing: 0x40000 bytes at 0x1E80000 (buffer addr : 0x20024DEC)
-I- 	0x40000 bytes written by applet
-I- Complete 25%
-I- 	Writing: 0x40000 bytes at 0x1EC0000 (buffer addr : 0x20024DEC)
-I- 	0x40000 bytes written by applet
-I- Complete 25%
-I- 	Writing: 0x40000 bytes at 0x1F00000 (buffer addr : 0x20024DEC)
-I- 	0x40000 bytes written by applet
-I- Complete 26%
-I- 	Writing: 0x40000 bytes at 0x1F40000 (buffer addr : 0x20024DEC)
-I- 	0x40000 bytes written by applet
-I- Complete 26%
-I- 	Writing: 0x40000 bytes at 0x1F80000 (buffer addr : 0x20024DEC)
-I- 	0x40000 bytes written by applet
-I- Complete 26%
-I- 	Writing: 0x40000 bytes at 0x1FC0000 (buffer addr : 0x20024DEC)
-I- 	0x40000 bytes written by applet
-I- Complete 27%
-I- 	Writing: 0x40000 bytes at 0x2000000 (buffer addr : 0x20024DEC)
-I- 	0x40000 bytes written by applet
-I- Complete 27%
-I- 	Writing: 0x40000 bytes at 0x2040000 (buffer addr : 0x20024DEC)
-I- 	0x40000 bytes written by applet
-I- Complete 27%
-I- 	Writing: 0x40000 bytes at 0x2080000 (buffer addr : 0x20024DEC)
-I- 	0x40000 bytes written by applet
-I- Complete 27%
-I- 	Writing: 0x40000 bytes at 0x20C0000 (buffer addr : 0x20024DEC)
-I- 	0x40000 bytes written by applet
-I- Complete 28%
-I- 	Writing: 0x40000 bytes at 0x2100000 (buffer addr : 0x20024DEC)
-I- 	0x40000 bytes written by applet
-I- Complete 28%
-I- 	Writing: 0x40000 bytes at 0x2140000 (buffer addr : 0x20024DEC)
-I- 	0x40000 bytes written by applet
-I- Complete 28%
-I- 	Writing: 0x40000 bytes at 0x2180000 (buffer addr : 0x20024DEC)
-I- 	0x40000 bytes written by applet
-I- Complete 29%
-I- 	Writing: 0x40000 bytes at 0x21C0000 (buffer addr : 0x20024DEC)
-I- 	0x40000 bytes written by applet
-I- Complete 29%
-I- 	Writing: 0x40000 bytes at 0x2200000 (buffer addr : 0x20024DEC)
-I- 	0x40000 bytes written by applet
-I- Complete 29%
-I- 	Writing: 0x40000 bytes at 0x2240000 (buffer addr : 0x20024DEC)
-I- 	0x40000 bytes written by applet
-I- Complete 29%
-I- 	Writing: 0x40000 bytes at 0x2280000 (buffer addr : 0x20024DEC)
-I- 	0x40000 bytes written by applet
-I- Complete 30%
-I- 	Writing: 0x40000 bytes at 0x22C0000 (buffer addr : 0x20024DEC)
-I- 	0x40000 bytes written by applet
-I- Complete 30%
-I- 	Writing: 0x40000 bytes at 0x2300000 (buffer addr : 0x20024DEC)
-I- 	0x40000 bytes written by applet
-I- Complete 30%
-I- 	Writing: 0x40000 bytes at 0x2340000 (buffer addr : 0x20024DEC)
-I- 	0x40000 bytes written by applet
-I- Complete 31%
-I- 	Writing: 0x40000 bytes at 0x2380000 (buffer addr : 0x20024DEC)
-I- 	0x40000 bytes written by applet
-I- Complete 31%
-I- 	Writing: 0x40000 bytes at 0x23C0000 (buffer addr : 0x20024DEC)
-I- 	0x40000 bytes written by applet
-I- Complete 31%
-I- 	Writing: 0x40000 bytes at 0x2400000 (buffer addr : 0x20024DEC)
-I- 	0x40000 bytes written by applet
-I- Complete 31%
-I- 	Writing: 0x40000 bytes at 0x2440000 (buffer addr : 0x20024DEC)
-I- 	0x40000 bytes written by applet
-I- Complete 32%
-I- 	Writing: 0x40000 bytes at 0x2480000 (buffer addr : 0x20024DEC)
-I- 	0x40000 bytes written by applet
-I- Complete 32%
-I- 	Writing: 0x40000 bytes at 0x24C0000 (buffer addr : 0x20024DEC)
-I- 	0x40000 bytes written by applet
-I- Complete 32%
-I- 	Writing: 0x40000 bytes at 0x2500000 (buffer addr : 0x20024DEC)
-I- 	0x40000 bytes written by applet
-I- Complete 33%
-I- 	Writing: 0x40000 bytes at 0x2540000 (buffer addr : 0x20024DEC)
-I- 	0x40000 bytes written by applet
-I- Complete 33%
-I- 	Writing: 0x40000 bytes at 0x2580000 (buffer addr : 0x20024DEC)
-I- 	0x40000 bytes written by applet
-I- Complete 33%
-I- 	Writing: 0x40000 bytes at 0x25C0000 (buffer addr : 0x20024DEC)
-I- 	0x40000 bytes written by applet
-I- Complete 33%
-I- 	Writing: 0x40000 bytes at 0x2600000 (buffer addr : 0x20024DEC)
-I- 	0x40000 bytes written by applet
-I- Complete 34%
-I- 	Writing: 0x40000 bytes at 0x2640000 (buffer addr : 0x20024DEC)
-I- 	0x40000 bytes written by applet
-I- Complete 34%
-I- 	Writing: 0x40000 bytes at 0x2680000 (buffer addr : 0x20024DEC)
-I- 	0x40000 bytes written by applet
-I- Complete 34%
-I- 	Writing: 0x40000 bytes at 0x26C0000 (buffer addr : 0x20024DEC)
-I- 	0x40000 bytes written by applet
-I- Complete 35%
-I- 	Writing: 0x40000 bytes at 0x2700000 (buffer addr : 0x20024DEC)
-I- 	0x40000 bytes written by applet
-I- Complete 35%
-I- 	Writing: 0x40000 bytes at 0x2740000 (buffer addr : 0x20024DEC)
-I- 	0x40000 bytes written by applet
-I- Complete 35%
-I- 	Writing: 0x40000 bytes at 0x2780000 (buffer addr : 0x20024DEC)
-I- 	0x40000 bytes written by applet
-I- Complete 35%
-I- 	Writing: 0x40000 bytes at 0x27C0000 (buffer addr : 0x20024DEC)
-I- 	0x40000 bytes written by applet
-I- Complete 36%
-I- 	Writing: 0x40000 bytes at 0x2800000 (buffer addr : 0x20024DEC)
-I- 	0x40000 bytes written by applet
-I- Complete 36%
-I- 	Writing: 0x40000 bytes at 0x2840000 (buffer addr : 0x20024DEC)
-I- 	0x40000 bytes written by applet
-I- Complete 36%
-I- 	Writing: 0x40000 bytes at 0x2880000 (buffer addr : 0x20024DEC)
-I- 	0x40000 bytes written by applet
-I- Complete 37%
-I- 	Writing: 0x40000 bytes at 0x28C0000 (buffer addr : 0x20024DEC)
-I- 	0x40000 bytes written by applet
-I- Complete 37%
-I- 	Writing: 0x40000 bytes at 0x2900000 (buffer addr : 0x20024DEC)
-I- 	0x40000 bytes written by applet
-I- Complete 37%
-I- 	Writing: 0x40000 bytes at 0x2940000 (buffer addr : 0x20024DEC)
-I- 	0x40000 bytes written by applet
-I- Complete 37%
-I- 	Writing: 0x40000 bytes at 0x2980000 (buffer addr : 0x20024DEC)
-I- 	0x40000 bytes written by applet
-I- Complete 38%
-I- 	Writing: 0x40000 bytes at 0x29C0000 (buffer addr : 0x20024DEC)
-I- 	0x40000 bytes written by applet
-I- Complete 38%
-I- 	Writing: 0x40000 bytes at 0x2A00000 (buffer addr : 0x20024DEC)
-I- 	0x40000 bytes written by applet
-I- Complete 38%
-I- 	Writing: 0x40000 bytes at 0x2A40000 (buffer addr : 0x20024DEC)
-I- 	0x40000 bytes written by applet
-I- Complete 38%
-I- 	Writing: 0x40000 bytes at 0x2A80000 (buffer addr : 0x20024DEC)
-I- 	0x40000 bytes written by applet
-I- Complete 39%
-I- 	Writing: 0x40000 bytes at 0x2AC0000 (buffer addr : 0x20024DEC)
-I- 	0x40000 bytes written by applet
-I- Complete 39%
-I- 	Writing: 0x40000 bytes at 0x2B00000 (buffer addr : 0x20024DEC)
-I- 	0x40000 bytes written by applet
-I- Complete 39%
-I- 	Writing: 0x40000 bytes at 0x2B40000 (buffer addr : 0x20024DEC)
-I- 	0x40000 bytes written by applet
-I- Complete 40%
-I- 	Writing: 0x40000 bytes at 0x2B80000 (buffer addr : 0x20024DEC)
-I- 	0x40000 bytes written by applet
-I- Complete 40%
-I- 	Writing: 0x40000 bytes at 0x2BC0000 (buffer addr : 0x20024DEC)
-I- 	0x40000 bytes written by applet
-I- Complete 40%
-I- 	Writing: 0x40000 bytes at 0x2C00000 (buffer addr : 0x20024DEC)
-I- 	0x40000 bytes written by applet
-I- Complete 40%
-I- 	Writing: 0x40000 bytes at 0x2C40000 (buffer addr : 0x20024DEC)
-I- 	0x40000 bytes written by applet
-I- Complete 41%
-I- 	Writing: 0x40000 bytes at 0x2C80000 (buffer addr : 0x20024DEC)
-I- 	0x40000 bytes written by applet
-I- Complete 41%
-I- 	Writing: 0x40000 bytes at 0x2CC0000 (buffer addr : 0x20024DEC)
-I- 	0x40000 bytes written by applet
-I- Complete 41%
-I- 	Writing: 0x40000 bytes at 0x2D00000 (buffer addr : 0x20024DEC)
-I- 	0x40000 bytes written by applet
-I- Complete 42%
-I- 	Writing: 0x40000 bytes at 0x2D40000 (buffer addr : 0x20024DEC)
-I- 	0x40000 bytes written by applet
-I- Complete 42%
-I- 	Writing: 0x40000 bytes at 0x2D80000 (buffer addr : 0x20024DEC)
-I- 	0x40000 bytes written by applet
-I- Complete 42%
-I- 	Writing: 0x40000 bytes at 0x2DC0000 (buffer addr : 0x20024DEC)
-I- 	0x40000 bytes written by applet
-I- Complete 42%
-I- 	Writing: 0x40000 bytes at 0x2E00000 (buffer addr : 0x20024DEC)
-I- 	0x40000 bytes written by applet
-I- Complete 43%
-I- 	Writing: 0x40000 bytes at 0x2E40000 (buffer addr : 0x20024DEC)
-I- 	0x40000 bytes written by applet
-I- Complete 43%
-I- 	Writing: 0x40000 bytes at 0x2E80000 (buffer addr : 0x20024DEC)
-I- 	0x40000 bytes written by applet
-I- Complete 43%
-I- 	Writing: 0x40000 bytes at 0x2EC0000 (buffer addr : 0x20024DEC)
-I- 	0x40000 bytes written by applet
-I- Complete 44%
-I- 	Writing: 0x40000 bytes at 0x2F00000 (buffer addr : 0x20024DEC)
-I- 	0x40000 bytes written by applet
-I- Complete 44%
-I- 	Writing: 0x40000 bytes at 0x2F40000 (buffer addr : 0x20024DEC)
-I- 	0x40000 bytes written by applet
-I- Complete 44%
-I- 	Writing: 0x40000 bytes at 0x2F80000 (buffer addr : 0x20024DEC)
-I- 	0x40000 bytes written by applet
-I- Complete 44%
-I- 	Writing: 0x40000 bytes at 0x2FC0000 (buffer addr : 0x20024DEC)
-I- 	0x40000 bytes written by applet
-I- Complete 45%
-I- 	Writing: 0x40000 bytes at 0x3000000 (buffer addr : 0x20024DEC)
-I- 	0x40000 bytes written by applet
-I- Complete 45%
-I- 	Writing: 0x40000 bytes at 0x3040000 (buffer addr : 0x20024DEC)
-I- 	0x40000 bytes written by applet
-I- Complete 45%
-I- 	Writing: 0x40000 bytes at 0x3080000 (buffer addr : 0x20024DEC)
-I- 	0x40000 bytes written by applet
-I- Complete 46%
-I- 	Writing: 0x40000 bytes at 0x30C0000 (buffer addr : 0x20024DEC)
-I- 	0x40000 bytes written by applet
-I- Complete 46%
-I- 	Writing: 0x40000 bytes at 0x3100000 (buffer addr : 0x20024DEC)
-I- 	0x40000 bytes written by applet
-I- Complete 46%
-I- 	Writing: 0x40000 bytes at 0x3140000 (buffer addr : 0x20024DEC)
-I- 	0x40000 bytes written by applet
-I- Complete 46%
-I- 	Writing: 0x40000 bytes at 0x3180000 (buffer addr : 0x20024DEC)
-I- 	0x40000 bytes written by applet
-I- Complete 47%
-I- 	Writing: 0x40000 bytes at 0x31C0000 (buffer addr : 0x20024DEC)
-I- 	0x40000 bytes written by applet
-I- Complete 47%
-I- 	Writing: 0x40000 bytes at 0x3200000 (buffer addr : 0x20024DEC)
-I- 	0x40000 bytes written by applet
-I- Complete 47%
-I- 	Writing: 0x40000 bytes at 0x3240000 (buffer addr : 0x20024DEC)
-I- 	0x40000 bytes written by applet
-I- Complete 48%
-I- 	Writing: 0x40000 bytes at 0x3280000 (buffer addr : 0x20024DEC)
-I- 	0x40000 bytes written by applet
-I- Complete 48%
-I- 	Writing: 0x40000 bytes at 0x32C0000 (buffer addr : 0x20024DEC)
-I- 	0x40000 bytes written by applet
-I- Complete 48%
-I- 	Writing: 0x40000 bytes at 0x3300000 (buffer addr : 0x20024DEC)
-I- 	0x40000 bytes written by applet
-I- Complete 48%
-I- 	Writing: 0x40000 bytes at 0x3340000 (buffer addr : 0x20024DEC)
-I- 	0x40000 bytes written by applet
-I- Complete 49%
-I- 	Writing: 0x40000 bytes at 0x3380000 (buffer addr : 0x20024DEC)
-I- 	0x40000 bytes written by applet
-I- Complete 49%
-I- 	Writing: 0x40000 bytes at 0x33C0000 (buffer addr : 0x20024DEC)
-I- 	0x40000 bytes written by applet
-I- Complete 49%
-I- 	Writing: 0x40000 bytes at 0x3400000 (buffer addr : 0x20024DEC)
-I- 	0x40000 bytes written by applet
-I- Complete 50%
-I- 	Writing: 0x40000 bytes at 0x3440000 (buffer addr : 0x20024DEC)
-I- 	0x40000 bytes written by applet
-I- Complete 50%
-I- 	Writing: 0x40000 bytes at 0x3480000 (buffer addr : 0x20024DEC)
-I- 	0x40000 bytes written by applet
-I- Complete 50%
-I- 	Writing: 0x40000 bytes at 0x34C0000 (buffer addr : 0x20024DEC)
-I- 	0x40000 bytes written by applet
-I- Complete 50%
-I- 	Writing: 0x40000 bytes at 0x3500000 (buffer addr : 0x20024DEC)
-I- 	0x40000 bytes written by applet
-I- Complete 51%
-I- 	Writing: 0x40000 bytes at 0x3540000 (buffer addr : 0x20024DEC)
-I- 	0x40000 bytes written by applet
-I- Complete 51%
-I- 	Writing: 0x40000 bytes at 0x3580000 (buffer addr : 0x20024DEC)
-I- 	0x40000 bytes written by applet
-I- Complete 51%
-I- 	Writing: 0x40000 bytes at 0x35C0000 (buffer addr : 0x20024DEC)
-I- 	0x40000 bytes written by applet
-I- Complete 51%
-I- 	Writing: 0x40000 bytes at 0x3600000 (buffer addr : 0x20024DEC)
-I- 	0x40000 bytes written by applet
-I- Complete 52%
-I- 	Writing: 0x40000 bytes at 0x3640000 (buffer addr : 0x20024DEC)
-I- 	0x40000 bytes written by applet
-I- Complete 52%
-I- 	Writing: 0x40000 bytes at 0x3680000 (buffer addr : 0x20024DEC)
-I- 	0x40000 bytes written by applet
-I- Complete 52%
-I- 	Writing: 0x40000 bytes at 0x36C0000 (buffer addr : 0x20024DEC)
-I- 	0x40000 bytes written by applet
-I- Complete 53%
-I- 	Writing: 0x40000 bytes at 0x3700000 (buffer addr : 0x20024DEC)
-I- 	0x40000 bytes written by applet
-I- Complete 53%
-I- 	Writing: 0x40000 bytes at 0x3740000 (buffer addr : 0x20024DEC)
-I- 	0x40000 bytes written by applet
-I- Complete 53%
-I- 	Writing: 0x40000 bytes at 0x3780000 (buffer addr : 0x20024DEC)
-I- 	0x40000 bytes written by applet
-I- Complete 53%
-I- 	Writing: 0x40000 bytes at 0x37C0000 (buffer addr : 0x20024DEC)
-I- 	0x40000 bytes written by applet
-I- Complete 54%
-I- 	Writing: 0x40000 bytes at 0x3800000 (buffer addr : 0x20024DEC)
-I- 	0x40000 bytes written by applet
-I- Complete 54%
-I- 	Writing: 0x40000 bytes at 0x3840000 (buffer addr : 0x20024DEC)
-I- 	0x40000 bytes written by applet
-I- Complete 54%
-I- 	Writing: 0x40000 bytes at 0x3880000 (buffer addr : 0x20024DEC)
-I- 	0x40000 bytes written by applet
-I- Complete 55%
-I- 	Writing: 0x40000 bytes at 0x38C0000 (buffer addr : 0x20024DEC)
-I- 	0x40000 bytes written by applet
-I- Complete 55%
-I- 	Writing: 0x40000 bytes at 0x3900000 (buffer addr : 0x20024DEC)
-I- 	0x40000 bytes written by applet
-I- Complete 55%
-I- 	Writing: 0x40000 bytes at 0x3940000 (buffer addr : 0x20024DEC)
-I- 	0x40000 bytes written by applet
-I- Complete 55%
-I- 	Writing: 0x40000 bytes at 0x3980000 (buffer addr : 0x20024DEC)
-I- 	0x40000 bytes written by applet
-I- Complete 56%
-I- 	Writing: 0x40000 bytes at 0x39C0000 (buffer addr : 0x20024DEC)
-I- 	0x40000 bytes written by applet
-I- Complete 56%
-I- 	Writing: 0x40000 bytes at 0x3A00000 (buffer addr : 0x20024DEC)
-I- 	0x40000 bytes written by applet
-I- Complete 56%
-I- 	Writing: 0x40000 bytes at 0x3A40000 (buffer addr : 0x20024DEC)
-I- 	0x40000 bytes written by applet
-I- Complete 57%
-I- 	Writing: 0x40000 bytes at 0x3A80000 (buffer addr : 0x20024DEC)
-I- 	0x40000 bytes written by applet
-I- Complete 57%
-I- 	Writing: 0x40000 bytes at 0x3AC0000 (buffer addr : 0x20024DEC)
-I- 	0x40000 bytes written by applet
-I- Complete 57%
-I- 	Writing: 0x40000 bytes at 0x3B00000 (buffer addr : 0x20024DEC)
-I- 	0x40000 bytes written by applet
-I- Complete 57%
-I- 	Writing: 0x40000 bytes at 0x3B40000 (buffer addr : 0x20024DEC)
-I- 	0x40000 bytes written by applet
-I- Complete 58%
-I- 	Writing: 0x40000 bytes at 0x3B80000 (buffer addr : 0x20024DEC)
-I- 	0x40000 bytes written by applet
-I- Complete 58%
-I- 	Writing: 0x40000 bytes at 0x3BC0000 (buffer addr : 0x20024DEC)
-I- 	0x40000 bytes written by applet
-I- Complete 58%
-I- 	Writing: 0x40000 bytes at 0x3C00000 (buffer addr : 0x20024DEC)
-I- 	0x40000 bytes written by applet
-I- Complete 59%
-I- 	Writing: 0x40000 bytes at 0x3C40000 (buffer addr : 0x20024DEC)
-I- 	0x40000 bytes written by applet
-I- Complete 59%
-I- 	Writing: 0x40000 bytes at 0x3C80000 (buffer addr : 0x20024DEC)
-I- 	0x40000 bytes written by applet
-I- Complete 59%
-I- 	Writing: 0x40000 bytes at 0x3CC0000 (buffer addr : 0x20024DEC)
-I- 	0x40000 bytes written by applet
-I- Complete 59%
-I- 	Writing: 0x40000 bytes at 0x3D00000 (buffer addr : 0x20024DEC)
-I- 	0x40000 bytes written by applet
-I- Complete 60%
-I- 	Writing: 0x40000 bytes at 0x3D40000 (buffer addr : 0x20024DEC)
-I- 	0x40000 bytes written by applet
-I- Complete 60%
-I- 	Writing: 0x40000 bytes at 0x3D80000 (buffer addr : 0x20024DEC)
-I- 	0x40000 bytes written by applet
-I- Complete 60%
-I- 	Writing: 0x40000 bytes at 0x3DC0000 (buffer addr : 0x20024DEC)
-I- 	0x40000 bytes written by applet
-I- Complete 61%
-I- 	Writing: 0x40000 bytes at 0x3E00000 (buffer addr : 0x20024DEC)
-I- 	0x40000 bytes written by applet
-I- Complete 61%
-I- 	Writing: 0x40000 bytes at 0x3E40000 (buffer addr : 0x20024DEC)
-I- 	0x40000 bytes written by applet
-I- Complete 61%
-I- 	Writing: 0x40000 bytes at 0x3E80000 (buffer addr : 0x20024DEC)
-I- 	0x40000 bytes written by applet
-I- Complete 61%
-I- 	Writing: 0x40000 bytes at 0x3EC0000 (buffer addr : 0x20024DEC)
-I- 	0x40000 bytes written by applet
-I- Complete 62%
-I- 	Writing: 0x40000 bytes at 0x3F00000 (buffer addr : 0x20024DEC)
-I- 	0x40000 bytes written by applet
-I- Complete 62%
-I- 	Writing: 0x40000 bytes at 0x3F40000 (buffer addr : 0x20024DEC)
-I- 	0x40000 bytes written by applet
-I- Complete 62%
-I- 	Writing: 0x40000 bytes at 0x3F80000 (buffer addr : 0x20024DEC)
-I- 	0x40000 bytes written by applet
-I- Complete 62%
-I- 	Writing: 0x40000 bytes at 0x3FC0000 (buffer addr : 0x20024DEC)
-I- 	0x40000 bytes written by applet
-I- Complete 63%
-I- 	Writing: 0x40000 bytes at 0x4000000 (buffer addr : 0x20024DEC)
-I- 	0x40000 bytes written by applet
-I- Complete 63%
-I- 	Writing: 0x40000 bytes at 0x4040000 (buffer addr : 0x20024DEC)
-I- 	0x40000 bytes written by applet
-I- Complete 63%
-I- 	Writing: 0x40000 bytes at 0x4080000 (buffer addr : 0x20024DEC)
-I- 	0x40000 bytes written by applet
-I- Complete 64%
-I- 	Writing: 0x40000 bytes at 0x40C0000 (buffer addr : 0x20024DEC)
-I- 	0x40000 bytes written by applet
-I- Complete 64%
-I- 	Writing: 0x40000 bytes at 0x4100000 (buffer addr : 0x20024DEC)
-I- 	0x40000 bytes written by applet
-I- Complete 64%
-I- 	Writing: 0x40000 bytes at 0x4140000 (buffer addr : 0x20024DEC)
-I- 	0x40000 bytes written by applet
-I- Complete 64%
-I- 	Writing: 0x40000 bytes at 0x4180000 (buffer addr : 0x20024DEC)
-I- 	0x40000 bytes written by applet
-I- Complete 65%
-I- 	Writing: 0x40000 bytes at 0x41C0000 (buffer addr : 0x20024DEC)
-I- 	0x40000 bytes written by applet
-I- Complete 65%
-I- 	Writing: 0x40000 bytes at 0x4200000 (buffer addr : 0x20024DEC)
-I- 	0x40000 bytes written by applet
-I- Complete 65%
-I- 	Writing: 0x40000 bytes at 0x4240000 (buffer addr : 0x20024DEC)
-I- 	0x40000 bytes written by applet
-I- Complete 66%
-I- 	Writing: 0x40000 bytes at 0x4280000 (buffer addr : 0x20024DEC)
-I- 	0x40000 bytes written by applet
-I- Complete 66%
-I- 	Writing: 0x40000 bytes at 0x42C0000 (buffer addr : 0x20024DEC)
-I- 	0x40000 bytes written by applet
-I- Complete 66%
-I- 	Writing: 0x40000 bytes at 0x4300000 (buffer addr : 0x20024DEC)
-I- 	0x40000 bytes written by applet
-I- Complete 66%
-I- 	Writing: 0x40000 bytes at 0x4340000 (buffer addr : 0x20024DEC)
-I- 	0x40000 bytes written by applet
-I- Complete 67%
-I- 	Writing: 0x40000 bytes at 0x4380000 (buffer addr : 0x20024DEC)
-I- 	0x40000 bytes written by applet
-I- Complete 67%
-I- 	Writing: 0x40000 bytes at 0x43C0000 (buffer addr : 0x20024DEC)
-I- 	0x40000 bytes written by applet
-I- Complete 67%
-I- 	Writing: 0x40000 bytes at 0x4400000 (buffer addr : 0x20024DEC)
-I- 	0x40000 bytes written by applet
-I- Complete 68%
-I- 	Writing: 0x40000 bytes at 0x4440000 (buffer addr : 0x20024DEC)
-I- 	0x40000 bytes written by applet
-I- Complete 68%
-I- 	Writing: 0x40000 bytes at 0x4480000 (buffer addr : 0x20024DEC)
-I- 	0x40000 bytes written by applet
-I- Complete 68%
-I- 	Writing: 0x40000 bytes at 0x44C0000 (buffer addr : 0x20024DEC)
-I- 	0x40000 bytes written by applet
-I- Complete 68%
-I- 	Writing: 0x40000 bytes at 0x4500000 (buffer addr : 0x20024DEC)
-I- 	0x40000 bytes written by applet
-I- Complete 69%
-I- 	Writing: 0x40000 bytes at 0x4540000 (buffer addr : 0x20024DEC)
-I- 	0x40000 bytes written by applet
-I- Complete 69%
-I- 	Writing: 0x40000 bytes at 0x4580000 (buffer addr : 0x20024DEC)
-I- 	0x40000 bytes written by applet
-I- Complete 69%
-I- 	Writing: 0x40000 bytes at 0x45C0000 (buffer addr : 0x20024DEC)
-I- 	0x40000 bytes written by applet
-I- Complete 70%
-I- 	Writing: 0x40000 bytes at 0x4600000 (buffer addr : 0x20024DEC)
-I- 	0x40000 bytes written by applet
-I- Complete 70%
-I- 	Writing: 0x40000 bytes at 0x4640000 (buffer addr : 0x20024DEC)
-I- 	0x40000 bytes written by applet
-I- Complete 70%
-I- 	Writing: 0x40000 bytes at 0x4680000 (buffer addr : 0x20024DEC)
-I- 	0x40000 bytes written by applet
-I- Complete 70%
-I- 	Writing: 0x40000 bytes at 0x46C0000 (buffer addr : 0x20024DEC)
-I- 	0x40000 bytes written by applet
-I- Complete 71%
-I- 	Writing: 0x40000 bytes at 0x4700000 (buffer addr : 0x20024DEC)
-I- 	0x40000 bytes written by applet
-I- Complete 71%
-I- 	Writing: 0x40000 bytes at 0x4740000 (buffer addr : 0x20024DEC)
-I- 	0x40000 bytes written by applet
-I- Complete 71%
-I- 	Writing: 0x40000 bytes at 0x4780000 (buffer addr : 0x20024DEC)
-I- 	0x40000 bytes written by applet
-I- Complete 72%
-I- 	Writing: 0x40000 bytes at 0x47C0000 (buffer addr : 0x20024DEC)
-I- 	0x40000 bytes written by applet
-I- Complete 72%
-I- 	Writing: 0x40000 bytes at 0x4800000 (buffer addr : 0x20024DEC)
-I- 	0x40000 bytes written by applet
-I- Complete 72%
-I- 	Writing: 0x40000 bytes at 0x4840000 (buffer addr : 0x20024DEC)
-I- 	0x40000 bytes written by applet
-I- Complete 72%
-I- 	Writing: 0x40000 bytes at 0x4880000 (buffer addr : 0x20024DEC)
-I- 	0x40000 bytes written by applet
-I- Complete 73%
-I- 	Writing: 0x40000 bytes at 0x48C0000 (buffer addr : 0x20024DEC)
-I- 	0x40000 bytes written by applet
-I- Complete 73%
-I- 	Writing: 0x40000 bytes at 0x4900000 (buffer addr : 0x20024DEC)
-I- 	0x40000 bytes written by applet
-I- Complete 73%
-I- 	Writing: 0x40000 bytes at 0x4940000 (buffer addr : 0x20024DEC)
-I- 	0x40000 bytes written by applet
-I- Complete 74%
-I- 	Writing: 0x40000 bytes at 0x4980000 (buffer addr : 0x20024DEC)
-I- 	0x40000 bytes written by applet
-I- Complete 74%
-I- 	Writing: 0x40000 bytes at 0x49C0000 (buffer addr : 0x20024DEC)
-I- 	0x40000 bytes written by applet
-I- Complete 74%
-I- 	Writing: 0x40000 bytes at 0x4A00000 (buffer addr : 0x20024DEC)
-I- 	0x40000 bytes written by applet
-I- Complete 74%
-I- 	Writing: 0x40000 bytes at 0x4A40000 (buffer addr : 0x20024DEC)
-I- 	0x40000 bytes written by applet
-I- Complete 75%
-I- 	Writing: 0x40000 bytes at 0x4A80000 (buffer addr : 0x20024DEC)
-I- 	0x40000 bytes written by applet
-I- Complete 75%
-I- 	Writing: 0x40000 bytes at 0x4AC0000 (buffer addr : 0x20024DEC)
-I- 	0x40000 bytes written by applet
-I- Complete 75%
-I- 	Writing: 0x40000 bytes at 0x4B00000 (buffer addr : 0x20024DEC)
-I- 	0x40000 bytes written by applet
-I- Complete 75%
-I- 	Writing: 0x40000 bytes at 0x4B40000 (buffer addr : 0x20024DEC)
-I- 	0x40000 bytes written by applet
-I- Complete 76%
-I- 	Writing: 0x40000 bytes at 0x4B80000 (buffer addr : 0x20024DEC)
-I- 	0x40000 bytes written by applet
-I- Complete 76%
-I- 	Writing: 0x40000 bytes at 0x4BC0000 (buffer addr : 0x20024DEC)
-I- 	0x40000 bytes written by applet
-I- Complete 76%
-I- 	Writing: 0x40000 bytes at 0x4C00000 (buffer addr : 0x20024DEC)
-I- 	0x40000 bytes written by applet
-I- Complete 77%
-I- 	Writing: 0x40000 bytes at 0x4C40000 (buffer addr : 0x20024DEC)
-I- 	0x40000 bytes written by applet
-I- Complete 77%
-I- 	Writing: 0x40000 bytes at 0x4C80000 (buffer addr : 0x20024DEC)
-I- 	0x40000 bytes written by applet
-I- Complete 77%
-I- 	Writing: 0x40000 bytes at 0x4CC0000 (buffer addr : 0x20024DEC)
-I- 	0x40000 bytes written by applet
-I- Complete 77%
-I- 	Writing: 0x40000 bytes at 0x4D00000 (buffer addr : 0x20024DEC)
-I- 	0x40000 bytes written by applet
-I- Complete 78%
-I- 	Writing: 0x40000 bytes at 0x4D40000 (buffer addr : 0x20024DEC)
-I- 	0x40000 bytes written by applet
-I- Complete 78%
-I- 	Writing: 0x40000 bytes at 0x4D80000 (buffer addr : 0x20024DEC)
-I- 	0x40000 bytes written by applet
-I- Complete 78%
-I- 	Writing: 0x40000 bytes at 0x4DC0000 (buffer addr : 0x20024DEC)
-I- 	0x40000 bytes written by applet
-I- Complete 79%
-I- 	Writing: 0x40000 bytes at 0x4E00000 (buffer addr : 0x20024DEC)
-I- 	0x40000 bytes written by applet
-I- Complete 79%
-I- 	Writing: 0x40000 bytes at 0x4E40000 (buffer addr : 0x20024DEC)
-I- 	0x40000 bytes written by applet
-I- Complete 79%
-I- 	Writing: 0x40000 bytes at 0x4E80000 (buffer addr : 0x20024DEC)
-I- 	0x40000 bytes written by applet
-I- Complete 79%
-I- 	Writing: 0x40000 bytes at 0x4EC0000 (buffer addr : 0x20024DEC)
-I- 	0x40000 bytes written by applet
-I- Complete 80%
-I- 	Writing: 0x40000 bytes at 0x4F00000 (buffer addr : 0x20024DEC)
-I- 	0x40000 bytes written by applet
-I- Complete 80%
-I- 	Writing: 0x40000 bytes at 0x4F40000 (buffer addr : 0x20024DEC)
-I- 	0x40000 bytes written by applet
-I- Complete 80%
-I- 	Writing: 0x40000 bytes at 0x4F80000 (buffer addr : 0x20024DEC)
-I- 	0x40000 bytes written by applet
-I- Complete 81%
-I- 	Writing: 0x40000 bytes at 0x4FC0000 (buffer addr : 0x20024DEC)
-I- 	0x40000 bytes written by applet
-I- Complete 81%
-I- 	Writing: 0x40000 bytes at 0x5000000 (buffer addr : 0x20024DEC)
-I- 	0x40000 bytes written by applet
-I- Complete 81%
-I- 	Writing: 0x40000 bytes at 0x5040000 (buffer addr : 0x20024DEC)
-I- 	0x40000 bytes written by applet
-I- Complete 81%
-I- 	Writing: 0x40000 bytes at 0x5080000 (buffer addr : 0x20024DEC)
-I- 	0x40000 bytes written by applet
-I- Complete 82%
-I- 	Writing: 0x40000 bytes at 0x50C0000 (buffer addr : 0x20024DEC)
-I- 	0x40000 bytes written by applet
-I- Complete 82%
-I- 	Writing: 0x40000 bytes at 0x5100000 (buffer addr : 0x20024DEC)
-I- 	0x40000 bytes written by applet
-I- Complete 82%
-I- 	Writing: 0x40000 bytes at 0x5140000 (buffer addr : 0x20024DEC)
-I- 	0x40000 bytes written by applet
-I- Complete 83%
-I- 	Writing: 0x40000 bytes at 0x5180000 (buffer addr : 0x20024DEC)
-I- 	0x40000 bytes written by applet
-I- Complete 83%
-I- 	Writing: 0x40000 bytes at 0x51C0000 (buffer addr : 0x20024DEC)
-I- 	0x40000 bytes written by applet
-I- Complete 83%
-I- 	Writing: 0x40000 bytes at 0x5200000 (buffer addr : 0x20024DEC)
-I- 	0x40000 bytes written by applet
-I- Complete 83%
-I- 	Writing: 0x40000 bytes at 0x5240000 (buffer addr : 0x20024DEC)
-I- 	0x40000 bytes written by applet
-I- Complete 84%
-I- 	Writing: 0x40000 bytes at 0x5280000 (buffer addr : 0x20024DEC)
-I- 	0x40000 bytes written by applet
-I- Complete 84%
-I- 	Writing: 0x40000 bytes at 0x52C0000 (buffer addr : 0x20024DEC)
-I- 	0x40000 bytes written by applet
-I- Complete 84%
-I- 	Writing: 0x40000 bytes at 0x5300000 (buffer addr : 0x20024DEC)
-I- 	0x40000 bytes written by applet
-I- Complete 85%
-I- 	Writing: 0x40000 bytes at 0x5340000 (buffer addr : 0x20024DEC)
-I- 	0x40000 bytes written by applet
-I- Complete 85%
-I- 	Writing: 0x40000 bytes at 0x5380000 (buffer addr : 0x20024DEC)
-I- 	0x40000 bytes written by applet
-I- Complete 85%
-I- 	Writing: 0x40000 bytes at 0x53C0000 (buffer addr : 0x20024DEC)
-I- 	0x40000 bytes written by applet
-I- Complete 85%
-I- 	Writing: 0x40000 bytes at 0x5400000 (buffer addr : 0x20024DEC)
-I- 	0x40000 bytes written by applet
-I- Complete 86%
-I- 	Writing: 0x40000 bytes at 0x5440000 (buffer addr : 0x20024DEC)
-I- 	0x40000 bytes written by applet
-I- Complete 86%
-I- 	Writing: 0x40000 bytes at 0x5480000 (buffer addr : 0x20024DEC)
-I- 	0x40000 bytes written by applet
-I- Complete 86%
-I- 	Writing: 0x40000 bytes at 0x54C0000 (buffer addr : 0x20024DEC)
-I- 	0x40000 bytes written by applet
-I- Complete 87%
-I- 	Writing: 0x40000 bytes at 0x5500000 (buffer addr : 0x20024DEC)
-I- 	0x40000 bytes written by applet
-I- Complete 87%
-I- 	Writing: 0x40000 bytes at 0x5540000 (buffer addr : 0x20024DEC)
-I- 	0x40000 bytes written by applet
-I- Complete 87%
-I- 	Writing: 0x40000 bytes at 0x5580000 (buffer addr : 0x20024DEC)
-I- 	0x40000 bytes written by applet
-I- Complete 87%
-I- 	Writing: 0x40000 bytes at 0x55C0000 (buffer addr : 0x20024DEC)
-I- 	0x40000 bytes written by applet
-I- Complete 88%
-I- 	Writing: 0x40000 bytes at 0x5600000 (buffer addr : 0x20024DEC)
-I- 	0x40000 bytes written by applet
-I- Complete 88%
-I- 	Writing: 0x40000 bytes at 0x5640000 (buffer addr : 0x20024DEC)
-I- 	0x40000 bytes written by applet
-I- Complete 88%
-I- 	Writing: 0x40000 bytes at 0x5680000 (buffer addr : 0x20024DEC)
-I- 	0x40000 bytes written by applet
-I- Complete 88%
-I- 	Writing: 0x40000 bytes at 0x56C0000 (buffer addr : 0x20024DEC)
-I- 	0x40000 bytes written by applet
-I- Complete 89%
-I- 	Writing: 0x40000 bytes at 0x5700000 (buffer addr : 0x20024DEC)
-I- 	0x40000 bytes written by applet
-I- Complete 89%
-I- 	Writing: 0x40000 bytes at 0x5740000 (buffer addr : 0x20024DEC)
-I- 	0x40000 bytes written by applet
-I- Complete 89%
-I- 	Writing: 0x40000 bytes at 0x5780000 (buffer addr : 0x20024DEC)
-I- 	0x40000 bytes written by applet
-I- Complete 90%
-I- 	Writing: 0x40000 bytes at 0x57C0000 (buffer addr : 0x20024DEC)
-I- 	0x40000 bytes written by applet
-I- Complete 90%
-I- 	Writing: 0x40000 bytes at 0x5800000 (buffer addr : 0x20024DEC)
-I- 	0x40000 bytes written by applet
-I- Complete 90%
-I- 	Writing: 0x40000 bytes at 0x5840000 (buffer addr : 0x20024DEC)
-I- 	0x40000 bytes written by applet
-I- Complete 90%
-I- 	Writing: 0x40000 bytes at 0x5880000 (buffer addr : 0x20024DEC)
-I- 	0x40000 bytes written by applet
-I- Complete 91%
-I- 	Writing: 0x40000 bytes at 0x58C0000 (buffer addr : 0x20024DEC)
-I- 	0x40000 bytes written by applet
-I- Complete 91%
-I- 	Writing: 0x40000 bytes at 0x5900000 (buffer addr : 0x20024DEC)
-I- 	0x40000 bytes written by applet
-I- Complete 91%
-I- 	Writing: 0x40000 bytes at 0x5940000 (buffer addr : 0x20024DEC)
-I- 	0x40000 bytes written by applet
-I- Complete 92%
-I- 	Writing: 0x40000 bytes at 0x5980000 (buffer addr : 0x20024DEC)
-I- 	0x40000 bytes written by applet
-I- Complete 92%
-I- 	Writing: 0x40000 bytes at 0x59C0000 (buffer addr : 0x20024DEC)
-I- 	0x40000 bytes written by applet
-I- Complete 92%
-I- 	Writing: 0x40000 bytes at 0x5A00000 (buffer addr : 0x20024DEC)
-I- 	0x40000 bytes written by applet
-I- Complete 92%
-I- 	Writing: 0x40000 bytes at 0x5A40000 (buffer addr : 0x20024DEC)
-I- 	0x40000 bytes written by applet
-I- Complete 93%
-I- 	Writing: 0x40000 bytes at 0x5A80000 (buffer addr : 0x20024DEC)
-I- 	0x40000 bytes written by applet
-I- Complete 93%
-I- 	Writing: 0x40000 bytes at 0x5AC0000 (buffer addr : 0x20024DEC)
-I- 	0x40000 bytes written by applet
-I- Complete 93%
-I- 	Writing: 0x40000 bytes at 0x5B00000 (buffer addr : 0x20024DEC)
-I- 	0x40000 bytes written by applet
-I- Complete 94%
-I- 	Writing: 0x40000 bytes at 0x5B40000 (buffer addr : 0x20024DEC)
-I- 	0x40000 bytes written by applet
-I- Complete 94%
-I- 	Writing: 0x40000 bytes at 0x5B80000 (buffer addr : 0x20024DEC)
-I- 	0x40000 bytes written by applet
-I- Complete 94%
-I- 	Writing: 0x40000 bytes at 0x5BC0000 (buffer addr : 0x20024DEC)
-I- 	0x40000 bytes written by applet
-I- Complete 94%
-I- 	Writing: 0x40000 bytes at 0x5C00000 (buffer addr : 0x20024DEC)
-I- 	0x40000 bytes written by applet
-I- Complete 95%
-I- 	Writing: 0x40000 bytes at 0x5C40000 (buffer addr : 0x20024DEC)
-I- 	0x40000 bytes written by applet
-I- Complete 95%
-I- 	Writing: 0x40000 bytes at 0x5C80000 (buffer addr : 0x20024DEC)
-I- 	0x40000 bytes written by applet
-I- Complete 95%
-I- 	Writing: 0x40000 bytes at 0x5CC0000 (buffer addr : 0x20024DEC)
-I- 	0x40000 bytes written by applet
-I- Complete 96%
-I- 	Writing: 0x40000 bytes at 0x5D00000 (buffer addr : 0x20024DEC)
-I- 	0x40000 bytes written by applet
-I- Complete 96%
-I- 	Writing: 0x40000 bytes at 0x5D40000 (buffer addr : 0x20024DEC)
-I- 	0x40000 bytes written by applet
-I- Complete 96%
-I- 	Writing: 0x40000 bytes at 0x5D80000 (buffer addr : 0x20024DEC)
-I- 	0x40000 bytes written by applet
-I- Complete 96%
-I- 	Writing: 0x40000 bytes at 0x5DC0000 (buffer addr : 0x20024DEC)
-I- 	0x40000 bytes written by applet
-I- Complete 97%
-I- 	Writing: 0x40000 bytes at 0x5E00000 (buffer addr : 0x20024DEC)
-I- 	0x40000 bytes written by applet
-I- Complete 97%
-I- 	Writing: 0x40000 bytes at 0x5E40000 (buffer addr : 0x20024DEC)
-I- 	0x40000 bytes written by applet
-I- Complete 97%
-I- 	Writing: 0x40000 bytes at 0x5E80000 (buffer addr : 0x20024DEC)
-I- 	0x40000 bytes written by applet
-I- Complete 98%
-I- 	Writing: 0x40000 bytes at 0x5EC0000 (buffer addr : 0x20024DEC)
-I- 	0x40000 bytes written by applet
-I- Complete 98%
-I- 	Writing: 0x40000 bytes at 0x5F00000 (buffer addr : 0x20024DEC)
-I- 	0x40000 bytes written by applet
-I- Complete 98%
-I- 	Writing: 0x40000 bytes at 0x5F40000 (buffer addr : 0x20024DEC)
-I- 	0x40000 bytes written by applet
-I- Complete 98%
-I- 	Writing: 0x40000 bytes at 0x5F80000 (buffer addr : 0x20024DEC)
-I- 	0x40000 bytes written by applet
-I- Complete 99%
-I- 	Writing: 0x40000 bytes at 0x5FC0000 (buffer addr : 0x20024DEC)
-I- 	0x40000 bytes written by applet
-I- Complete 99%
-I- 	Writing: 0x40000 bytes at 0x6000000 (buffer addr : 0x20024DEC)
-I- 	0x40000 bytes written by applet
-I- Complete 99%
-I- 	Writing: 0x40000 bytes at 0x6040000 (buffer addr : 0x20024DEC)
-I- 	0x40000 bytes written by applet
-I- === DONE. ===
